 debug: green's function source loc:
  4.9750000E-05  6.9750007E-05  9.8749995E-05
 
 ------------------------------------------------------------------------------
  SWPC_3D (body force mode)                                                   
 ------------------------------------------------------------------------------
 
  Grid Size               :     1600 x   1600 x    240
  MPI Partitioning        :       48 x   24
  Total Memory Size       :         135.044  [GiB]
  Node Memory Size        :           0.117  [GiB]
  Stability  Condition c  :           0.501  (c<1)
  Wavelength Condition r  :          18.000  (r>5-10)
  Minimum velocity        :           3.600  [km/s]
  Maximum velocity        :           6.200  [km/s]
  Maximum frequency       :      400000.000  [Hz]
 
 ------------------------------------------------------------------------------
 
  it=0001000, 0.072 s/loop, eta 000:06:02, ( 3.10E-03  3.10E-03  5.29E-03 )
  it=0002000, 0.073 s/loop, eta 000:04:50, ( 5.02E-03  5.02E-03  6.60E-03 )
  it=0003000, 0.073 s/loop, eta 000:03:37, ( 1.50E-03  1.50E-03  3.03E-03 )
  it=0004000, 0.073 s/loop, eta 000:02:25, ( 1.40E-03  1.40E-03  2.33E-03 )
  it=0005000, 0.073 s/loop, eta 000:01:12, ( 1.19E-03  1.19E-03  1.32E-03 )
  it=0006000, 0.073 s/loop, eta 000:00:00, ( 1.38E-03  1.38E-03  3.23E-03 )
 
 ------------------------------------------------------------------------------
 
  Total time             :         435.309 s
 
 ------------------------------------------------------------------------------
