Thu Mar 13 15:47:40 JST 2025
Run example of ball-drop impact.

 ------------------------------------------------------------------------------
  SWPC_3D (body force mode)                                                   
 ------------------------------------------------------------------------------

  Grid Size               :      200 x    110 x     60
  MPI Partitioning        :        1 x    1
  Total Memory Size       :           0.248  [GiB]
  Node Memory Size        :           0.248  [GiB]
  Stability  Condition c  :           0.623  (c<1)
  Wavelength Condition r  :           2.953  (r>5-10)
  Minimum velocity        :           3.547  [km/s]
  Maximum velocity        :           6.163  [km/s]
  Maximum frequency       :      600619.875  [Hz]

 ------------------------------------------------------------------------------

  it=0000100, 0.025 s/loop, eta 000:00:22, ( 1.60E-03  1.60E-03  6.88E-03 )
  it=0000200, 0.024 s/loop, eta 000:00:19, ( 4.01E-04  4.01E-04  2.93E-03 )
  it=0000300, 0.028 s/loop, eta 000:00:19, ( 2.52E-04  2.95E-04  2.25E-03 )
  it=0000400, 0.028 s/loop, eta 000:00:16, ( 6.96E-04  1.10E-03  1.86E-03 )
  it=0000500, 0.028 s/loop, eta 000:00:13, ( 6.53E-04  1.07E-03  1.56E-03 )
  it=0000600, 0.027 s/loop, eta 000:00:10, ( 4.21E-04  1.04E-03  1.30E-03 )
  it=0000700, 0.026 s/loop, eta 000:00:07, ( 2.47E-04  4.87E-04  9.84E-04 )
  it=0000800, 0.026 s/loop, eta 000:00:05, ( 2.56E-04  2.70E-04  7.73E-04 )
  it=0000900, 0.025 s/loop, eta 000:00:02, ( 2.58E-04  2.61E-04  4.62E-04 )
  it=0001000, 0.025 s/loop, eta 000:00:00, ( 2.70E-04  2.48E-04  4.11E-04 )

 ------------------------------------------------------------------------------
 
  Total time             :          24.859 s

 ------------------------------------------------------------------------------
