 debug: green's function source loc:
  9.9750032E-05  6.9750007E-05  7.5000025E-07
 
 ------------------------------------------------------------------------------
  SWPC_3D (body force mode)                                                   
 ------------------------------------------------------------------------------
 
  Grid Size               :     1600 x   1600 x    240
  MPI Partitioning        :       48 x   24
  Total Memory Size       :         135.044  [GiB]
  Node Memory Size        :           0.117  [GiB]
  Stability  Condition c  :           0.501  (c<1)
  Wavelength Condition r  :          18.000  (r>5-10)
  Minimum velocity        :           3.600  [km/s]
  Maximum velocity        :           6.200  [km/s]
  Maximum frequency       :      400000.000  [Hz]
 
 ------------------------------------------------------------------------------
 
  it=0001000, 0.073 s/loop, eta 000:06:03, ( 1.41E-02  1.41E-02  4.01E-02 )
  it=0002000, 0.073 s/loop, eta 000:04:50, ( 8.50E-03  8.50E-03  3.20E-02 )
  it=0003000, 0.073 s/loop, eta 000:03:37, ( 7.90E-03  7.90E-03  2.79E-02 )
  it=0004000, 0.073 s/loop, eta 000:02:25, ( 6.76E-03  6.75E-03  2.26E-02 )
  it=0005000, 0.073 s/loop, eta 000:01:12, ( 7.25E-03  7.25E-03  1.95E-02 )
  it=0006000, 0.073 s/loop, eta 000:00:00, ( 5.46E-03  5.46E-03  1.92E-02 )
 
 ------------------------------------------------------------------------------
 
  Total time             :         435.782 s
 
 ------------------------------------------------------------------------------
