 Model name: modelplate.d
 Model name: modelplate.d
 LAYER              H     P-VEL     S-VEL   DENSITY  
 LAYER              H     P-VEL     S-VEL   DENSITY  
     1      0.1000E-03  6.200      3.600      2.980    
     2       0.000      9.000      6.000      2.980    
     1      0.1000E-03  6.200      3.600      2.980    
     2       0.000      9.000      6.000      2.980    
 122070.3125000      0.0000010
       2048         1      1025
 122070.3125000      0.0000010
       2048         1      1025
 ieqex=            2  ALL GREEN
   11
  TOP  OF MODEL IS FREE SURFACE  
  BASE OF MODEL IS FREE
 modelplate.d
 ieqex=            2  ALL GREEN
   11
  TOP  OF MODEL IS FREE SURFACE  
  BASE OF MODEL IS FREE
 modelplate.d
 LAYER             H      P-VEL     S-VEL   DENSITY  
 LAYER             H      P-VEL     S-VEL   DENSITY  
     1      0.1000E-03  6.200      3.600      2.980    
     2       0.000      9.000      6.000      2.980    
     1      0.1000E-03  6.200      3.600      2.980    
     2       0.000      9.000      6.000      2.980    
 Working model
        d         a         b         rho      1/qa      1/qb       bsh    1/qbsh
 Working model
        d         a         b         rho      1/qa      1/qb       bsh    1/qbsh
      0.000     6.200     3.600     2.980  0.000000  0.000000     3.600     2.980
                9.000     6.000     2.980  0.000000  0.000000     6.000     2.980
 
      0.000     6.200     3.600     2.980  0.000000  0.000000     3.600     2.980
                9.000     6.000     2.980  0.000000  0.000000     6.000     2.980
 
XLENG=  0.2303000E-02 XFAC=  0.4000000E+01
XLENG=  0.2303000E-02 XFAC=  0.4000000E+01
WAVENUMBER FILTERING bounded in phase velocites
[cmax,c1,c2,cmin]=[    -1.000,    -1.000,    -1.000,    -1.000]
WAVENUMBER FILTERING bounded in phase velocites
[cmax,c1,c2,cmin]=[    -1.000,    -1.000,    -1.000,    -1.000]
( -1.0 means 0.0 for cmin and infinity for cmax)
  LAYER INSERTION DONE
( -1.0 means 0.0 for cmin and infinity for cmax)
  LAYER INSERTION DONE
 mmax=           4
 mmax=           4
 0.1000E-05 0.6200E+01 0.3600E+01 0.2980E+01 0.0000E+00 0.0000E+00
 0.9800E-04 0.6200E+01 0.3600E+01 0.2980E+01 0.0000E+00 0.0000E+00
 0.1000E-05 0.6200E+01 0.3600E+01 0.2980E+01 0.0000E+00 0.0000E+00
 0.1000E-05 0.6200E+01 0.3600E+01 0.2980E+01 0.0000E+00 0.0000E+00
 0.9800E-04 0.6200E+01 0.3600E+01 0.2980E+01 0.0000E+00 0.0000E+00
 0.1000E-05 0.6200E+01 0.3600E+01 0.2980E+01 0.0000E+00 0.0000E+00
 0.0000E+00 0.9000E+01 0.6000E+01 0.2980E+01 0.0000E+00 0.0000E+00
 0.0000E+00 0.9000E+01 0.6000E+01 0.2980E+01 0.0000E+00 0.0000E+00
fl =  0.0000         fu = 5.00000E+06     df =  4882.8    
fl =  0.0000         fu = 5.00000E+06     df =  4882.8    
    n1 =   1     n2 =1025      n = 2048
vmin  =  3.6000     vamin =  6.2000     vamax =  9.0000    
                  vbmin =  3.6000     vbmax =  6.0000    
 SOURCE DEPTH IN WORKING AND ORIGINAL MODEL (           1 )
    n1 =   1     n2 =1025      n = 2048
vmin  =  3.6000     vamin =  6.2000     vamax =  9.0000    
                  vbmin =  3.6000     vbmax =  6.0000    
 SOURCE DEPTH IN WORKING AND ORIGINAL MODEL (           1 )
depths =        1.000000E-06 (        1.000000E-06)
 RECEIVER DEPTH IN WORKING AND ORIGINAL MODEL (           1 )
depthr =        9.900000E-05 (        9.900000E-05)
 RECEIVER DISTANCES (           2 )
depths =        1.000000E-06 (        1.000000E-06)
 RECEIVER DEPTH IN WORKING AND ORIGINAL MODEL (           1 )
depthr =        9.900000E-05 (        9.900000E-05)
 RECEIVER DISTANCES (           2 )
     r =        5.000000E-05 tshift=         0.00000     vred=         0.00000    
     r =        1.500000E-04 tshift=         0.00000     vred=         0.00000    
     r =        5.000000E-05 tshift=         0.00000     vred=         0.00000    
     r =        1.500000E-04 tshift=         0.00000     vred=         0.00000    
alpha =   12207.03         dt =      1.000E-07
frequencies for which response computed     
alpha =   12207.03         dt =      1.000E-07
frequencies for which response computed     
  48.828      4882.8      9765.6      14648.      19531.      24414.      29297.      34180.    
  48.828      4882.8      9765.6      14648.      19531.      24414.      29297.      34180.    
  39062.      43945.      48828.      53711.      58594.      63477.      68359.      73242.    
  39062.      43945.      48828.      53711.      58594.      63477.      68359.      73242.    
  78125.      83008.      87891.      92773.      97656.     1.02539E+05 1.07422E+05 1.12305E+05
  78125.      83008.      87891.      92773.      97656.     1.02539E+05 1.07422E+05 1.12305E+05
 1.17188E+05 1.22070E+05 1.26953E+05 1.31836E+05 1.36719E+05 1.41602E+05 1.46484E+05 1.51367E+05
 1.17188E+05 1.22070E+05 1.26953E+05 1.31836E+05 1.36719E+05 1.41602E+05 1.46484E+05 1.51367E+05
 1.56250E+05 1.61133E+05 1.66016E+05 1.70898E+05 1.75781E+05 1.80664E+05 1.85547E+05 1.90430E+05
 1.56250E+05 1.61133E+05 1.66016E+05 1.70898E+05 1.75781E+05 1.80664E+05 1.85547E+05 1.90430E+05
 1.95312E+05 2.00195E+05 2.05078E+05 2.09961E+05 2.14844E+05 2.19727E+05 2.24609E+05 2.29492E+05
 1.95312E+05 2.00195E+05 2.05078E+05 2.09961E+05 2.14844E+05 2.19727E+05 2.24609E+05 2.29492E+05
 2.34375E+05 2.39258E+05 2.44141E+05 2.49023E+05 2.53906E+05 2.58789E+05 2.63672E+05 2.68555E+05
 2.34375E+05 2.39258E+05 2.44141E+05 2.49023E+05 2.53906E+05 2.58789E+05 2.63672E+05 2.68555E+05
 2.73438E+05 2.78320E+05 2.83203E+05 2.88086E+05 2.92969E+05 2.97852E+05 3.02734E+05 3.07617E+05
 2.73438E+05 2.78320E+05 2.83203E+05 2.88086E+05 2.92969E+05 2.97852E+05 3.02734E+05 3.07617E+05
 3.12500E+05 3.17383E+05 3.22266E+05 3.27148E+05 3.32031E+05 3.36914E+05 3.41797E+05 3.46680E+05
 3.12500E+05 3.17383E+05 3.22266E+05 3.27148E+05 3.32031E+05 3.36914E+05 3.41797E+05 3.46680E+05
 3.51562E+05 3.56445E+05 3.61328E+05 3.66211E+05 3.71094E+05 3.75977E+05 3.80859E+05 3.85742E+05
 3.51562E+05 3.56445E+05 3.61328E+05 3.66211E+05 3.71094E+05 3.75977E+05 3.80859E+05 3.85742E+05
 3.90625E+05 3.95508E+05 4.00391E+05 4.05273E+05 4.10156E+05 4.15039E+05 4.19922E+05 4.24805E+05
 3.90625E+05 3.95508E+05 4.00391E+05 4.05273E+05 4.10156E+05 4.15039E+05 4.19922E+05 4.24805E+05
 4.29688E+05 4.34570E+05 4.39453E+05 4.44336E+05 4.49219E+05 4.54102E+05 4.58984E+05 4.63867E+05
 4.29688E+05 4.34570E+05 4.39453E+05 4.44336E+05 4.49219E+05 4.54102E+05 4.58984E+05 4.63867E+05
 4.68750E+05 4.73633E+05 4.78516E+05 4.83398E+05 4.88281E+05 4.93164E+05 4.98047E+05 5.02930E+05
 4.68750E+05 4.73633E+05 4.78516E+05 4.83398E+05 4.88281E+05 4.93164E+05 4.98047E+05 5.02930E+05
 5.07812E+05 5.12695E+05 5.17578E+05 5.22461E+05 5.27344E+05 5.32227E+05 5.37109E+05 5.41992E+05
 5.07812E+05 5.12695E+05 5.17578E+05 5.22461E+05 5.27344E+05 5.32227E+05 5.37109E+05 5.41992E+05
 5.46875E+05 5.51758E+05 5.56641E+05 5.61523E+05 5.66406E+05 5.71289E+05 5.76172E+05 5.81055E+05
 5.46875E+05 5.51758E+05 5.56641E+05 5.61523E+05 5.66406E+05 5.71289E+05 5.76172E+05 5.81055E+05
 5.85938E+05 5.90820E+05 5.95703E+05 6.00586E+05 6.05469E+05 6.10352E+05 6.15234E+05 6.20117E+05
 5.85938E+05 5.90820E+05 5.95703E+05 6.00586E+05 6.05469E+05 6.10352E+05 6.15234E+05 6.20117E+05
 6.25000E+05 6.29883E+05 6.34766E+05 6.39648E+05 6.44531E+05 6.49414E+05 6.54297E+05 6.59180E+05
 6.25000E+05 6.29883E+05 6.34766E+05 6.39648E+05 6.44531E+05 6.49414E+05 6.54297E+05 6.59180E+05
 6.64062E+05 6.68945E+05 6.73828E+05 6.78711E+05 6.83594E+05 6.88477E+05 6.93359E+05 6.98242E+05
 6.64062E+05 6.68945E+05 6.73828E+05 6.78711E+05 6.83594E+05 6.88477E+05 6.93359E+05 6.98242E+05
 7.03125E+05 7.08008E+05 7.12891E+05 7.17773E+05 7.22656E+05 7.27539E+05 7.32422E+05 7.37305E+05
 7.03125E+05 7.08008E+05 7.12891E+05 7.17773E+05 7.22656E+05 7.27539E+05 7.32422E+05 7.37305E+05
 7.42188E+05 7.47070E+05 7.51953E+05 7.56836E+05 7.61719E+05 7.66602E+05 7.71484E+05 7.76367E+05
 7.42188E+05 7.47070E+05 7.51953E+05 7.56836E+05 7.61719E+05 7.66602E+05 7.71484E+05 7.76367E+05
 7.81250E+05 7.86133E+05 7.91016E+05 7.95898E+05 8.00781E+05 8.05664E+05 8.10547E+05 8.15430E+05
 7.81250E+05 7.86133E+05 7.91016E+05 7.95898E+05 8.00781E+05 8.05664E+05 8.10547E+05 8.15430E+05
 8.20312E+05 8.25195E+05 8.30078E+05 8.34961E+05 8.39844E+05 8.44727E+05 8.49609E+05 8.54492E+05
 8.20312E+05 8.25195E+05 8.30078E+05 8.34961E+05 8.39844E+05 8.44727E+05 8.49609E+05 8.54492E+05
 8.59375E+05 8.64258E+05 8.69141E+05 8.74023E+05 8.78906E+05 8.83789E+05 8.88672E+05 8.93555E+05
 8.59375E+05 8.64258E+05 8.69141E+05 8.74023E+05 8.78906E+05 8.83789E+05 8.88672E+05 8.93555E+05
 8.98438E+05 9.03320E+05 9.08203E+05 9.13086E+05 9.17969E+05 9.22852E+05 9.27734E+05 9.32617E+05
 8.98438E+05 9.03320E+05 9.08203E+05 9.13086E+05 9.17969E+05 9.22852E+05 9.27734E+05 9.32617E+05
 9.37500E+05 9.42383E+05 9.47266E+05 9.52148E+05 9.57031E+05 9.61914E+05 9.66797E+05 9.71680E+05
 9.37500E+05 9.42383E+05 9.47266E+05 9.52148E+05 9.57031E+05 9.61914E+05 9.66797E+05 9.71680E+05
 9.76562E+05 9.81445E+05 9.86328E+05 9.91211E+05 9.96094E+05 1.00098E+06 1.00586E+06 1.01074E+06
 9.76562E+05 9.81445E+05 9.86328E+05 9.91211E+05 9.96094E+05 1.00098E+06 1.00586E+06 1.01074E+06
 1.01562E+06 1.02051E+06 1.02539E+06 1.03027E+06 1.03516E+06 1.04004E+06 1.04492E+06 1.04980E+06
 1.01562E+06 1.02051E+06 1.02539E+06 1.03027E+06 1.03516E+06 1.04004E+06 1.04492E+06 1.04980E+06
 1.05469E+06 1.05957E+06 1.06445E+06 1.06934E+06 1.07422E+06 1.07910E+06 1.08398E+06 1.08887E+06
 1.05469E+06 1.05957E+06 1.06445E+06 1.06934E+06 1.07422E+06 1.07910E+06 1.08398E+06 1.08887E+06
 1.09375E+06 1.09863E+06 1.10352E+06 1.10840E+06 1.11328E+06 1.11816E+06 1.12305E+06 1.12793E+06
 1.09375E+06 1.09863E+06 1.10352E+06 1.10840E+06 1.11328E+06 1.11816E+06 1.12305E+06 1.12793E+06
 1.13281E+06 1.13770E+06 1.14258E+06 1.14746E+06 1.15234E+06 1.15723E+06 1.16211E+06 1.16699E+06
 1.13281E+06 1.13770E+06 1.14258E+06 1.14746E+06 1.15234E+06 1.15723E+06 1.16211E+06 1.16699E+06
 1.17188E+06 1.17676E+06 1.18164E+06 1.18652E+06 1.19141E+06 1.19629E+06 1.20117E+06 1.20605E+06
 1.17188E+06 1.17676E+06 1.18164E+06 1.18652E+06 1.19141E+06 1.19629E+06 1.20117E+06 1.20605E+06
 1.21094E+06 1.21582E+06 1.22070E+06 1.22559E+06 1.23047E+06 1.23535E+06 1.24023E+06 1.24512E+06
 1.21094E+06 1.21582E+06 1.22070E+06 1.22559E+06 1.23047E+06 1.23535E+06 1.24023E+06 1.24512E+06
 1.25000E+06 1.25488E+06 1.25977E+06 1.26465E+06 1.26953E+06 1.27441E+06 1.27930E+06 1.28418E+06
 1.25000E+06 1.25488E+06 1.25977E+06 1.26465E+06 1.26953E+06 1.27441E+06 1.27930E+06 1.28418E+06
 1.28906E+06 1.29395E+06 1.29883E+06 1.30371E+06 1.30859E+06 1.31348E+06 1.31836E+06 1.32324E+06
 1.28906E+06 1.29395E+06 1.29883E+06 1.30371E+06 1.30859E+06 1.31348E+06 1.31836E+06 1.32324E+06
 1.32812E+06 1.33301E+06 1.33789E+06 1.34277E+06 1.34766E+06 1.35254E+06 1.35742E+06 1.36230E+06
 1.32812E+06 1.33301E+06 1.33789E+06 1.34277E+06 1.34766E+06 1.35254E+06 1.35742E+06 1.36230E+06
 1.36719E+06 1.37207E+06 1.37695E+06 1.38184E+06 1.38672E+06 1.39160E+06 1.39648E+06 1.40137E+06
 1.36719E+06 1.37207E+06 1.37695E+06 1.38184E+06 1.38672E+06 1.39160E+06 1.39648E+06 1.40137E+06
 1.40625E+06 1.41113E+06 1.41602E+06 1.42090E+06 1.42578E+06 1.43066E+06 1.43555E+06 1.44043E+06
 1.40625E+06 1.41113E+06 1.41602E+06 1.42090E+06 1.42578E+06 1.43066E+06 1.43555E+06 1.44043E+06
 1.44531E+06 1.45020E+06 1.45508E+06 1.45996E+06 1.46484E+06 1.46973E+06 1.47461E+06 1.47949E+06
 1.44531E+06 1.45020E+06 1.45508E+06 1.45996E+06 1.46484E+06 1.46973E+06 1.47461E+06 1.47949E+06
 1.48438E+06 1.48926E+06 1.49414E+06 1.49902E+06 1.50391E+06 1.50879E+06 1.51367E+06 1.51855E+06
 1.48438E+06 1.48926E+06 1.49414E+06 1.49902E+06 1.50391E+06 1.50879E+06 1.51367E+06 1.51855E+06
 1.52344E+06 1.52832E+06 1.53320E+06 1.53809E+06 1.54297E+06 1.54785E+06 1.55273E+06 1.55762E+06
 1.52344E+06 1.52832E+06 1.53320E+06 1.53809E+06 1.54297E+06 1.54785E+06 1.55273E+06 1.55762E+06
 1.56250E+06 1.56738E+06 1.57227E+06 1.57715E+06 1.58203E+06 1.58691E+06 1.59180E+06 1.59668E+06
 1.56250E+06 1.56738E+06 1.57227E+06 1.57715E+06 1.58203E+06 1.58691E+06 1.59180E+06 1.59668E+06
 1.60156E+06 1.60645E+06 1.61133E+06 1.61621E+06 1.62109E+06 1.62598E+06 1.63086E+06 1.63574E+06
 1.60156E+06 1.60645E+06 1.61133E+06 1.61621E+06 1.62109E+06 1.62598E+06 1.63086E+06 1.63574E+06
 1.64062E+06 1.64551E+06 1.65039E+06 1.65527E+06 1.66016E+06 1.66504E+06 1.66992E+06 1.67480E+06
 1.64062E+06 1.64551E+06 1.65039E+06 1.65527E+06 1.66016E+06 1.66504E+06 1.66992E+06 1.67480E+06
 1.67969E+06 1.68457E+06 1.68945E+06 1.69434E+06 1.69922E+06 1.70410E+06 1.70898E+06 1.71387E+06
 1.67969E+06 1.68457E+06 1.68945E+06 1.69434E+06 1.69922E+06 1.70410E+06 1.70898E+06 1.71387E+06
 1.71875E+06 1.72363E+06 1.72852E+06 1.73340E+06 1.73828E+06 1.74316E+06 1.74805E+06 1.75293E+06
 1.71875E+06 1.72363E+06 1.72852E+06 1.73340E+06 1.73828E+06 1.74316E+06 1.74805E+06 1.75293E+06
 1.75781E+06 1.76270E+06 1.76758E+06 1.77246E+06 1.77734E+06 1.78223E+06 1.78711E+06 1.79199E+06
 1.75781E+06 1.76270E+06 1.76758E+06 1.77246E+06 1.77734E+06 1.78223E+06 1.78711E+06 1.79199E+06
 1.79688E+06 1.80176E+06 1.80664E+06 1.81152E+06 1.81641E+06 1.82129E+06 1.82617E+06 1.83105E+06
 1.79688E+06 1.80176E+06 1.80664E+06 1.81152E+06 1.81641E+06 1.82129E+06 1.82617E+06 1.83105E+06
 1.83594E+06 1.84082E+06 1.84570E+06 1.85059E+06 1.85547E+06 1.86035E+06 1.86523E+06 1.87012E+06
 1.83594E+06 1.84082E+06 1.84570E+06 1.85059E+06 1.85547E+06 1.86035E+06 1.86523E+06 1.87012E+06
 1.87500E+06 1.87988E+06 1.88477E+06 1.88965E+06 1.89453E+06 1.89941E+06 1.90430E+06 1.90918E+06
 1.87500E+06 1.87988E+06 1.88477E+06 1.88965E+06 1.89453E+06 1.89941E+06 1.90430E+06 1.90918E+06
 1.91406E+06 1.91895E+06 1.92383E+06 1.92871E+06 1.93359E+06 1.93848E+06 1.94336E+06 1.94824E+06
 1.91406E+06 1.91895E+06 1.92383E+06 1.92871E+06 1.93359E+06 1.93848E+06 1.94336E+06 1.94824E+06
 1.95312E+06 1.95801E+06 1.96289E+06 1.96777E+06 1.97266E+06 1.97754E+06 1.98242E+06 1.98730E+06
 1.95312E+06 1.95801E+06 1.96289E+06 1.96777E+06 1.97266E+06 1.97754E+06 1.98242E+06 1.98730E+06
 1.99219E+06 1.99707E+06 2.00195E+06 2.00684E+06 2.01172E+06 2.01660E+06 2.02148E+06 2.02637E+06
 1.99219E+06 1.99707E+06 2.00195E+06 2.00684E+06 2.01172E+06 2.01660E+06 2.02148E+06 2.02637E+06
 2.03125E+06 2.03613E+06 2.04102E+06 2.04590E+06 2.05078E+06 2.05566E+06 2.06055E+06 2.06543E+06
 2.03125E+06 2.03613E+06 2.04102E+06 2.04590E+06 2.05078E+06 2.05566E+06 2.06055E+06 2.06543E+06
 2.07031E+06 2.07520E+06 2.08008E+06 2.08496E+06 2.08984E+06 2.09473E+06 2.09961E+06 2.10449E+06
 2.07031E+06 2.07520E+06 2.08008E+06 2.08496E+06 2.08984E+06 2.09473E+06 2.09961E+06 2.10449E+06
 2.10938E+06 2.11426E+06 2.11914E+06 2.12402E+06 2.12891E+06 2.13379E+06 2.13867E+06 2.14355E+06
 2.10938E+06 2.11426E+06 2.11914E+06 2.12402E+06 2.12891E+06 2.13379E+06 2.13867E+06 2.14355E+06
 2.14844E+06 2.15332E+06 2.15820E+06 2.16309E+06 2.16797E+06 2.17285E+06 2.17773E+06 2.18262E+06
 2.14844E+06 2.15332E+06 2.15820E+06 2.16309E+06 2.16797E+06 2.17285E+06 2.17773E+06 2.18262E+06
 2.18750E+06 2.19238E+06 2.19727E+06 2.20215E+06 2.20703E+06 2.21191E+06 2.21680E+06 2.22168E+06
 2.18750E+06 2.19238E+06 2.19727E+06 2.20215E+06 2.20703E+06 2.21191E+06 2.21680E+06 2.22168E+06
 2.22656E+06 2.23145E+06 2.23633E+06 2.24121E+06 2.24609E+06 2.25098E+06 2.25586E+06 2.26074E+06
 2.22656E+06 2.23145E+06 2.23633E+06 2.24121E+06 2.24609E+06 2.25098E+06 2.25586E+06 2.26074E+06
 2.26562E+06 2.27051E+06 2.27539E+06 2.28027E+06 2.28516E+06 2.29004E+06 2.29492E+06 2.29980E+06
 2.26562E+06 2.27051E+06 2.27539E+06 2.28027E+06 2.28516E+06 2.29004E+06 2.29492E+06 2.29980E+06
 2.30469E+06 2.30957E+06 2.31445E+06 2.31934E+06 2.32422E+06 2.32910E+06 2.33398E+06 2.33887E+06
 2.30469E+06 2.30957E+06 2.31445E+06 2.31934E+06 2.32422E+06 2.32910E+06 2.33398E+06 2.33887E+06
 2.34375E+06 2.34863E+06 2.35352E+06 2.35840E+06 2.36328E+06 2.36816E+06 2.37305E+06 2.37793E+06
 2.34375E+06 2.34863E+06 2.35352E+06 2.35840E+06 2.36328E+06 2.36816E+06 2.37305E+06 2.37793E+06
 2.38281E+06 2.38770E+06 2.39258E+06 2.39746E+06 2.40234E+06 2.40723E+06 2.41211E+06 2.41699E+06
 2.38281E+06 2.38770E+06 2.39258E+06 2.39746E+06 2.40234E+06 2.40723E+06 2.41211E+06 2.41699E+06
 2.42188E+06 2.42676E+06 2.43164E+06 2.43652E+06 2.44141E+06 2.44629E+06 2.45117E+06 2.45605E+06
 2.42188E+06 2.42676E+06 2.43164E+06 2.43652E+06 2.44141E+06 2.44629E+06 2.45117E+06 2.45605E+06
 2.46094E+06 2.46582E+06 2.47070E+06 2.47559E+06 2.48047E+06 2.48535E+06 2.49023E+06 2.49512E+06
 2.46094E+06 2.46582E+06 2.47070E+06 2.47559E+06 2.48047E+06 2.48535E+06 2.49023E+06 2.49512E+06
 2.50000E+06 2.50488E+06 2.50977E+06 2.51465E+06 2.51953E+06 2.52441E+06 2.52930E+06 2.53418E+06
 2.50000E+06 2.50488E+06 2.50977E+06 2.51465E+06 2.51953E+06 2.52441E+06 2.52930E+06 2.53418E+06
 2.53906E+06 2.54395E+06 2.54883E+06 2.55371E+06 2.55859E+06 2.56348E+06 2.56836E+06 2.57324E+06
 2.53906E+06 2.54395E+06 2.54883E+06 2.55371E+06 2.55859E+06 2.56348E+06 2.56836E+06 2.57324E+06
 2.57812E+06 2.58301E+06 2.58789E+06 2.59277E+06 2.59766E+06 2.60254E+06 2.60742E+06 2.61230E+06
 2.57812E+06 2.58301E+06 2.58789E+06 2.59277E+06 2.59766E+06 2.60254E+06 2.60742E+06 2.61230E+06
 2.61719E+06 2.62207E+06 2.62695E+06 2.63184E+06 2.63672E+06 2.64160E+06 2.64648E+06 2.65137E+06
 2.61719E+06 2.62207E+06 2.62695E+06 2.63184E+06 2.63672E+06 2.64160E+06 2.64648E+06 2.65137E+06
 2.65625E+06 2.66113E+06 2.66602E+06 2.67090E+06 2.67578E+06 2.68066E+06 2.68555E+06 2.69043E+06
 2.65625E+06 2.66113E+06 2.66602E+06 2.67090E+06 2.67578E+06 2.68066E+06 2.68555E+06 2.69043E+06
 2.69531E+06 2.70020E+06 2.70508E+06 2.70996E+06 2.71484E+06 2.71973E+06 2.72461E+06 2.72949E+06
 2.69531E+06 2.70020E+06 2.70508E+06 2.70996E+06 2.71484E+06 2.71973E+06 2.72461E+06 2.72949E+06
 2.73438E+06 2.73926E+06 2.74414E+06 2.74902E+06 2.75391E+06 2.75879E+06 2.76367E+06 2.76855E+06
 2.73438E+06 2.73926E+06 2.74414E+06 2.74902E+06 2.75391E+06 2.75879E+06 2.76367E+06 2.76855E+06
 2.77344E+06 2.77832E+06 2.78320E+06 2.78809E+06 2.79297E+06 2.79785E+06 2.80273E+06 2.80762E+06
 2.77344E+06 2.77832E+06 2.78320E+06 2.78809E+06 2.79297E+06 2.79785E+06 2.80273E+06 2.80762E+06
 2.81250E+06 2.81738E+06 2.82227E+06 2.82715E+06 2.83203E+06 2.83691E+06 2.84180E+06 2.84668E+06
 2.81250E+06 2.81738E+06 2.82227E+06 2.82715E+06 2.83203E+06 2.83691E+06 2.84180E+06 2.84668E+06
 2.85156E+06 2.85645E+06 2.86133E+06 2.86621E+06 2.87109E+06 2.87598E+06 2.88086E+06 2.88574E+06
 2.85156E+06 2.85645E+06 2.86133E+06 2.86621E+06 2.87109E+06 2.87598E+06 2.88086E+06 2.88574E+06
 2.89062E+06 2.89551E+06 2.90039E+06 2.90527E+06 2.91016E+06 2.91504E+06 2.91992E+06 2.92480E+06
 2.89062E+06 2.89551E+06 2.90039E+06 2.90527E+06 2.91016E+06 2.91504E+06 2.91992E+06 2.92480E+06
 2.92969E+06 2.93457E+06 2.93945E+06 2.94434E+06 2.94922E+06 2.95410E+06 2.95898E+06 2.96387E+06
 2.92969E+06 2.93457E+06 2.93945E+06 2.94434E+06 2.94922E+06 2.95410E+06 2.95898E+06 2.96387E+06
 2.96875E+06 2.97363E+06 2.97852E+06 2.98340E+06 2.98828E+06 2.99316E+06 2.99805E+06 3.00293E+06
 2.96875E+06 2.97363E+06 2.97852E+06 2.98340E+06 2.98828E+06 2.99316E+06 2.99805E+06 3.00293E+06
 3.00781E+06 3.01270E+06 3.01758E+06 3.02246E+06 3.02734E+06 3.03223E+06 3.03711E+06 3.04199E+06
 3.00781E+06 3.01270E+06 3.01758E+06 3.02246E+06 3.02734E+06 3.03223E+06 3.03711E+06 3.04199E+06
 3.04688E+06 3.05176E+06 3.05664E+06 3.06152E+06 3.06641E+06 3.07129E+06 3.07617E+06 3.08105E+06
 3.04688E+06 3.05176E+06 3.05664E+06 3.06152E+06 3.06641E+06 3.07129E+06 3.07617E+06 3.08105E+06
 3.08594E+06 3.09082E+06 3.09570E+06 3.10059E+06 3.10547E+06 3.11035E+06 3.11523E+06 3.12012E+06
 3.08594E+06 3.09082E+06 3.09570E+06 3.10059E+06 3.10547E+06 3.11035E+06 3.11523E+06 3.12012E+06
 3.12500E+06 3.12988E+06 3.13477E+06 3.13965E+06 3.14453E+06 3.14941E+06 3.15430E+06 3.15918E+06
 3.12500E+06 3.12988E+06 3.13477E+06 3.13965E+06 3.14453E+06 3.14941E+06 3.15430E+06 3.15918E+06
 3.16406E+06 3.16895E+06 3.17383E+06 3.17871E+06 3.18359E+06 3.18848E+06 3.19336E+06 3.19824E+06
 3.16406E+06 3.16895E+06 3.17383E+06 3.17871E+06 3.18359E+06 3.18848E+06 3.19336E+06 3.19824E+06
 3.20312E+06 3.20801E+06 3.21289E+06 3.21777E+06 3.22266E+06 3.22754E+06 3.23242E+06 3.23730E+06
 3.20312E+06 3.20801E+06 3.21289E+06 3.21777E+06 3.22266E+06 3.22754E+06 3.23242E+06 3.23730E+06
 3.24219E+06 3.24707E+06 3.25195E+06 3.25684E+06 3.26172E+06 3.26660E+06 3.27148E+06 3.27637E+06
 3.24219E+06 3.24707E+06 3.25195E+06 3.25684E+06 3.26172E+06 3.26660E+06 3.27148E+06 3.27637E+06
 3.28125E+06 3.28613E+06 3.29102E+06 3.29590E+06 3.30078E+06 3.30566E+06 3.31055E+06 3.31543E+06
 3.28125E+06 3.28613E+06 3.29102E+06 3.29590E+06 3.30078E+06 3.30566E+06 3.31055E+06 3.31543E+06
 3.32031E+06 3.32520E+06 3.33008E+06 3.33496E+06 3.33984E+06 3.34473E+06 3.34961E+06 3.35449E+06
 3.32031E+06 3.32520E+06 3.33008E+06 3.33496E+06 3.33984E+06 3.34473E+06 3.34961E+06 3.35449E+06
 3.35938E+06 3.36426E+06 3.36914E+06 3.37402E+06 3.37891E+06 3.38379E+06 3.38867E+06 3.39355E+06
 3.35938E+06 3.36426E+06 3.36914E+06 3.37402E+06 3.37891E+06 3.38379E+06 3.38867E+06 3.39355E+06
 3.39844E+06 3.40332E+06 3.40820E+06 3.41309E+06 3.41797E+06 3.42285E+06 3.42773E+06 3.43262E+06
 3.39844E+06 3.40332E+06 3.40820E+06 3.41309E+06 3.41797E+06 3.42285E+06 3.42773E+06 3.43262E+06
 3.43750E+06 3.44238E+06 3.44727E+06 3.45215E+06 3.45703E+06 3.46191E+06 3.46680E+06 3.47168E+06
 3.43750E+06 3.44238E+06 3.44727E+06 3.45215E+06 3.45703E+06 3.46191E+06 3.46680E+06 3.47168E+06
 3.47656E+06 3.48145E+06 3.48633E+06 3.49121E+06 3.49609E+06 3.50098E+06 3.50586E+06 3.51074E+06
 3.47656E+06 3.48145E+06 3.48633E+06 3.49121E+06 3.49609E+06 3.50098E+06 3.50586E+06 3.51074E+06
 3.51562E+06 3.52051E+06 3.52539E+06 3.53027E+06 3.53516E+06 3.54004E+06 3.54492E+06 3.54980E+06
 3.51562E+06 3.52051E+06 3.52539E+06 3.53027E+06 3.53516E+06 3.54004E+06 3.54492E+06 3.54980E+06
 3.55469E+06 3.55957E+06 3.56445E+06 3.56934E+06 3.57422E+06 3.57910E+06 3.58398E+06 3.58887E+06
 3.55469E+06 3.55957E+06 3.56445E+06 3.56934E+06 3.57422E+06 3.57910E+06 3.58398E+06 3.58887E+06
 3.59375E+06 3.59863E+06 3.60352E+06 3.60840E+06 3.61328E+06 3.61816E+06 3.62305E+06 3.62793E+06
 3.59375E+06 3.59863E+06 3.60352E+06 3.60840E+06 3.61328E+06 3.61816E+06 3.62305E+06 3.62793E+06
 3.63281E+06 3.63770E+06 3.64258E+06 3.64746E+06 3.65234E+06 3.65723E+06 3.66211E+06 3.66699E+06
 3.63281E+06 3.63770E+06 3.64258E+06 3.64746E+06 3.65234E+06 3.65723E+06 3.66211E+06 3.66699E+06
 3.67188E+06 3.67676E+06 3.68164E+06 3.68652E+06 3.69141E+06 3.69629E+06 3.70117E+06 3.70605E+06
 3.67188E+06 3.67676E+06 3.68164E+06 3.68652E+06 3.69141E+06 3.69629E+06 3.70117E+06 3.70605E+06
 3.71094E+06 3.71582E+06 3.72070E+06 3.72559E+06 3.73047E+06 3.73535E+06 3.74023E+06 3.74512E+06
 3.71094E+06 3.71582E+06 3.72070E+06 3.72559E+06 3.73047E+06 3.73535E+06 3.74023E+06 3.74512E+06
 3.75000E+06 3.75488E+06 3.75977E+06 3.76465E+06 3.76953E+06 3.77441E+06 3.77930E+06 3.78418E+06
 3.75000E+06 3.75488E+06 3.75977E+06 3.76465E+06 3.76953E+06 3.77441E+06 3.77930E+06 3.78418E+06
 3.78906E+06 3.79395E+06 3.79883E+06 3.80371E+06 3.80859E+06 3.81348E+06 3.81836E+06 3.82324E+06
 3.78906E+06 3.79395E+06 3.79883E+06 3.80371E+06 3.80859E+06 3.81348E+06 3.81836E+06 3.82324E+06
 3.82812E+06 3.83301E+06 3.83789E+06 3.84277E+06 3.84766E+06 3.85254E+06 3.85742E+06 3.86230E+06
 3.82812E+06 3.83301E+06 3.83789E+06 3.84277E+06 3.84766E+06 3.85254E+06 3.85742E+06 3.86230E+06
 3.86719E+06 3.87207E+06 3.87695E+06 3.88184E+06 3.88672E+06 3.89160E+06 3.89648E+06 3.90137E+06
 3.86719E+06 3.87207E+06 3.87695E+06 3.88184E+06 3.88672E+06 3.89160E+06 3.89648E+06 3.90137E+06
 3.90625E+06 3.91113E+06 3.91602E+06 3.92090E+06 3.92578E+06 3.93066E+06 3.93555E+06 3.94043E+06
 3.90625E+06 3.91113E+06 3.91602E+06 3.92090E+06 3.92578E+06 3.93066E+06 3.93555E+06 3.94043E+06
 3.94531E+06 3.95020E+06 3.95508E+06 3.95996E+06 3.96484E+06 3.96973E+06 3.97461E+06 3.97949E+06
 3.94531E+06 3.95020E+06 3.95508E+06 3.95996E+06 3.96484E+06 3.96973E+06 3.97461E+06 3.97949E+06
 3.98438E+06 3.98926E+06 3.99414E+06 3.99902E+06 4.00391E+06 4.00879E+06 4.01367E+06 4.01855E+06
 3.98438E+06 3.98926E+06 3.99414E+06 3.99902E+06 4.00391E+06 4.00879E+06 4.01367E+06 4.01855E+06
 4.02344E+06 4.02832E+06 4.03320E+06 4.03809E+06 4.04297E+06 4.04785E+06 4.05273E+06 4.05762E+06
 4.02344E+06 4.02832E+06 4.03320E+06 4.03809E+06 4.04297E+06 4.04785E+06 4.05273E+06 4.05762E+06
 4.06250E+06 4.06738E+06 4.07227E+06 4.07715E+06 4.08203E+06 4.08691E+06 4.09180E+06 4.09668E+06
 4.06250E+06 4.06738E+06 4.07227E+06 4.07715E+06 4.08203E+06 4.08691E+06 4.09180E+06 4.09668E+06
 4.10156E+06 4.10645E+06 4.11133E+06 4.11621E+06 4.12109E+06 4.12598E+06 4.13086E+06 4.13574E+06
 4.10156E+06 4.10645E+06 4.11133E+06 4.11621E+06 4.12109E+06 4.12598E+06 4.13086E+06 4.13574E+06
 4.14062E+06 4.14551E+06 4.15039E+06 4.15527E+06 4.16016E+06 4.16504E+06 4.16992E+06 4.17480E+06
 4.14062E+06 4.14551E+06 4.15039E+06 4.15527E+06 4.16016E+06 4.16504E+06 4.16992E+06 4.17480E+06
 4.17969E+06 4.18457E+06 4.18945E+06 4.19434E+06 4.19922E+06 4.20410E+06 4.20898E+06 4.21387E+06
 4.17969E+06 4.18457E+06 4.18945E+06 4.19434E+06 4.19922E+06 4.20410E+06 4.20898E+06 4.21387E+06
 4.21875E+06 4.22363E+06 4.22852E+06 4.23340E+06 4.23828E+06 4.24316E+06 4.24805E+06 4.25293E+06
 4.21875E+06 4.22363E+06 4.22852E+06 4.23340E+06 4.23828E+06 4.24316E+06 4.24805E+06 4.25293E+06
 4.25781E+06 4.26270E+06 4.26758E+06 4.27246E+06 4.27734E+06 4.28223E+06 4.28711E+06 4.29199E+06
 4.25781E+06 4.26270E+06 4.26758E+06 4.27246E+06 4.27734E+06 4.28223E+06 4.28711E+06 4.29199E+06
 4.29688E+06 4.30176E+06 4.30664E+06 4.31152E+06 4.31641E+06 4.32129E+06 4.32617E+06 4.33105E+06
 4.29688E+06 4.30176E+06 4.30664E+06 4.31152E+06 4.31641E+06 4.32129E+06 4.32617E+06 4.33105E+06
 4.33594E+06 4.34082E+06 4.34570E+06 4.35059E+06 4.35547E+06 4.36035E+06 4.36523E+06 4.37012E+06
 4.33594E+06 4.34082E+06 4.34570E+06 4.35059E+06 4.35547E+06 4.36035E+06 4.36523E+06 4.37012E+06
 4.37500E+06 4.37988E+06 4.38477E+06 4.38965E+06 4.39453E+06 4.39941E+06 4.40430E+06 4.40918E+06
 4.37500E+06 4.37988E+06 4.38477E+06 4.38965E+06 4.39453E+06 4.39941E+06 4.40430E+06 4.40918E+06
 4.41406E+06 4.41895E+06 4.42383E+06 4.42871E+06 4.43359E+06 4.43848E+06 4.44336E+06 4.44824E+06
 4.41406E+06 4.41895E+06 4.42383E+06 4.42871E+06 4.43359E+06 4.43848E+06 4.44336E+06 4.44824E+06
 4.45312E+06 4.45801E+06 4.46289E+06 4.46777E+06 4.47266E+06 4.47754E+06 4.48242E+06 4.48730E+06
 4.45312E+06 4.45801E+06 4.46289E+06 4.46777E+06 4.47266E+06 4.47754E+06 4.48242E+06 4.48730E+06
 4.49219E+06 4.49707E+06 4.50195E+06 4.50684E+06 4.51172E+06 4.51660E+06 4.52148E+06 4.52637E+06
 4.49219E+06 4.49707E+06 4.50195E+06 4.50684E+06 4.51172E+06 4.51660E+06 4.52148E+06 4.52637E+06
 4.53125E+06 4.53613E+06 4.54102E+06 4.54590E+06 4.55078E+06 4.55566E+06 4.56055E+06 4.56543E+06
 4.53125E+06 4.53613E+06 4.54102E+06 4.54590E+06 4.55078E+06 4.55566E+06 4.56055E+06 4.56543E+06
 4.57031E+06 4.57520E+06 4.58008E+06 4.58496E+06 4.58984E+06 4.59473E+06 4.59961E+06 4.60449E+06
 4.57031E+06 4.57520E+06 4.58008E+06 4.58496E+06 4.58984E+06 4.59473E+06 4.59961E+06 4.60449E+06
 4.60938E+06 4.61426E+06 4.61914E+06 4.62402E+06 4.62891E+06 4.63379E+06 4.63867E+06 4.64355E+06
 4.60938E+06 4.61426E+06 4.61914E+06 4.62402E+06 4.62891E+06 4.63379E+06 4.63867E+06 4.64355E+06
 4.64844E+06 4.65332E+06 4.65820E+06 4.66309E+06 4.66797E+06 4.67285E+06 4.67773E+06 4.68262E+06
 4.64844E+06 4.65332E+06 4.65820E+06 4.66309E+06 4.66797E+06 4.67285E+06 4.67773E+06 4.68262E+06
 4.68750E+06 4.69238E+06 4.69727E+06 4.70215E+06 4.70703E+06 4.71191E+06 4.71680E+06 4.72168E+06
 4.68750E+06 4.69238E+06 4.69727E+06 4.70215E+06 4.70703E+06 4.71191E+06 4.71680E+06 4.72168E+06
 4.72656E+06 4.73145E+06 4.73633E+06 4.74121E+06 4.74609E+06 4.75098E+06 4.75586E+06 4.76074E+06
 4.72656E+06 4.73145E+06 4.73633E+06 4.74121E+06 4.74609E+06 4.75098E+06 4.75586E+06 4.76074E+06
 4.76562E+06 4.77051E+06 4.77539E+06 4.78027E+06 4.78516E+06 4.79004E+06 4.79492E+06 4.79980E+06
 4.76562E+06 4.77051E+06 4.77539E+06 4.78027E+06 4.78516E+06 4.79004E+06 4.79492E+06 4.79980E+06
 4.80469E+06 4.80957E+06 4.81445E+06 4.81934E+06 4.82422E+06 4.82910E+06 4.83398E+06 4.83887E+06
 4.80469E+06 4.80957E+06 4.81445E+06 4.81934E+06 4.82422E+06 4.82910E+06 4.83398E+06 4.83887E+06
 4.84375E+06 4.84863E+06 4.85352E+06 4.85840E+06 4.86328E+06 4.86816E+06 4.87305E+06 4.87793E+06
 4.84375E+06 4.84863E+06 4.85352E+06 4.85840E+06 4.86328E+06 4.86816E+06 4.87305E+06 4.87793E+06
 4.88281E+06 4.88770E+06 4.89258E+06 4.89746E+06 4.90234E+06 4.90723E+06 4.91211E+06 4.91699E+06
 4.88281E+06 4.88770E+06 4.89258E+06 4.89746E+06 4.90234E+06 4.90723E+06 4.91211E+06 4.91699E+06
 4.92188E+06 4.92676E+06 4.93164E+06 4.93652E+06 4.94141E+06 4.94629E+06 4.95117E+06 4.95605E+06
 4.92188E+06 4.92676E+06 4.93164E+06 4.93652E+06 4.94141E+06 4.94629E+06 4.95117E+06 4.95605E+06
 4.96094E+06 4.96582E+06 4.97070E+06 4.97559E+06 4.98047E+06 4.98535E+06 4.99023E+06 4.99512E+06
 4.96094E+06 4.96582E+06 4.97070E+06 4.97559E+06 4.98047E+06 4.98535E+06 4.99023E+06 4.99512E+06
 5.00000E+06 -1.0000     -1.0000     -1.0000     -1.0000     -1.0000     -1.0000     -1.0000    
 Transition to non-asymptotic at   4882.81250    
 5.00000E+06 -1.0000     -1.0000     -1.0000     -1.0000     -1.0000     -1.0000     -1.0000    
 Transition to non-asymptotic at   4882.81250    
     r(km)   t0(sec)    hs(km)    hr(km)    Tp(sec)   Tsv(sec)   Tsh(sec)
     r(km)   t0(sec)    hs(km)    hr(km)    Tp(sec)   Tsv(sec)   Tsh(sec)
  5.000E-05   0.00      1.000E-06  9.900E-05  1.774E-05  3.056E-05  3.056E-05
  5.000E-05   0.00      1.000E-06  9.900E-05  1.774E-05  3.056E-05  3.056E-05
  1.500E-04   0.00      1.000E-06  9.900E-05  2.836E-05  4.722E-05  4.722E-05
  1.500E-04   0.00      1.000E-06  9.900E-05  2.836E-05  4.722E-05  4.722E-05
 Model name: modelplate.d
 Model name: modelplate.d
 LAYER              H     P-VEL     S-VEL   DENSITY  
 LAYER              H     P-VEL     S-VEL   DENSITY  
     1      0.1000E-03  6.200      3.600      2.980    
     1      0.1000E-03  6.200      3.600      2.980    
     2       0.000      9.000      6.000      2.980    
     2       0.000      9.000      6.000      2.980    
 122070.3125000      0.0000010
       2048         1      1025
 ieqex=            2  ALL GREEN
   11
  TOP  OF MODEL IS FREE SURFACE  
  BASE OF MODEL IS FREE
 122070.3125000      0.0000010
       2048         1      1025
 ieqex=            2  ALL GREEN
   11
  TOP  OF MODEL IS FREE SURFACE  
  BASE OF MODEL IS FREE
 modelplate.d
 LAYER             H      P-VEL     S-VEL   DENSITY  
     1      0.1000E-03  6.200      3.600      2.980    
     2       0.000      9.000      6.000      2.980    
 modelplate.d
 LAYER             H      P-VEL     S-VEL   DENSITY  
     1      0.1000E-03  6.200      3.600      2.980    
     2       0.000      9.000      6.000      2.980    
 Working model
        d         a         b         rho      1/qa      1/qb       bsh    1/qbsh
 Working model
        d         a         b         rho      1/qa      1/qb       bsh    1/qbsh
      0.000     6.200     3.600     2.980  0.000000  0.000000     3.600     2.980
                9.000     6.000     2.980  0.000000  0.000000     6.000     2.980
 
      0.000     6.200     3.600     2.980  0.000000  0.000000     3.600     2.980
                9.000     6.000     2.980  0.000000  0.000000     6.000     2.980
 
XLENG=  0.1842000E-02 XFAC=  0.4000000E+01
XLENG=  0.1842000E-02 XFAC=  0.4000000E+01
WAVENUMBER FILTERING bounded in phase velocites
WAVENUMBER FILTERING bounded in phase velocites
[cmax,c1,c2,cmin]=[    -1.000,    -1.000,    -1.000,    -1.000]
( -1.0 means 0.0 for cmin and infinity for cmax)
  LAYER INSERTION DONE
 mmax=           4
[cmax,c1,c2,cmin]=[    -1.000,    -1.000,    -1.000,    -1.000]
( -1.0 means 0.0 for cmin and infinity for cmax)
  LAYER INSERTION DONE
 mmax=           4
 0.1000E-05 0.6200E+01 0.3600E+01 0.2980E+01 0.0000E+00 0.0000E+00
 0.1000E-05 0.6200E+01 0.3600E+01 0.2980E+01 0.0000E+00 0.0000E+00
 0.3411E-12 0.6200E+01 0.3600E+01 0.2980E+01 0.0000E+00 0.0000E+00
 0.9900E-04 0.6200E+01 0.3600E+01 0.2980E+01 0.0000E+00 0.0000E+00
 0.3411E-12 0.6200E+01 0.3600E+01 0.2980E+01 0.0000E+00 0.0000E+00
 0.9900E-04 0.6200E+01 0.3600E+01 0.2980E+01 0.0000E+00 0.0000E+00
 0.0000E+00 0.9000E+01 0.6000E+01 0.2980E+01 0.0000E+00 0.0000E+00
 0.0000E+00 0.9000E+01 0.6000E+01 0.2980E+01 0.0000E+00 0.0000E+00
fl =  0.0000         fu = 5.00000E+06     df =  4882.8    
    n1 =   1     n2 =1025      n = 2048
fl =  0.0000         fu = 5.00000E+06     df =  4882.8    
    n1 =   1     n2 =1025      n = 2048
vmin  =  3.6000     vamin =  6.2000     vamax =  9.0000    
                  vbmin =  3.6000     vbmax =  6.0000    
vmin  =  3.6000     vamin =  6.2000     vamax =  9.0000    
                  vbmin =  3.6000     vbmax =  6.0000    
 SOURCE DEPTH IN WORKING AND ORIGINAL MODEL (           1 )
depths =        1.000000E-06 (        1.000000E-06)
 RECEIVER DEPTH IN WORKING AND ORIGINAL MODEL (           1 )
 SOURCE DEPTH IN WORKING AND ORIGINAL MODEL (           1 )
depths =        1.000000E-06 (        1.000000E-06)
 RECEIVER DEPTH IN WORKING AND ORIGINAL MODEL (           1 )
depthr =        1.000000E-06 (        1.000000E-06)
 RECEIVER DISTANCES (           1 )
     r =        1.000000E-04 tshift=         0.00000     vred=         0.00000    
alpha =   12207.03         dt =      1.000E-07
frequencies for which response computed     
depthr =        1.000000E-06 (        1.000000E-06)
 RECEIVER DISTANCES (           1 )
     r =        1.000000E-04 tshift=         0.00000     vred=         0.00000    
alpha =   12207.03         dt =      1.000E-07
frequencies for which response computed     
  48.828      4882.8      9765.6      14648.      19531.      24414.      29297.      34180.    
  48.828      4882.8      9765.6      14648.      19531.      24414.      29297.      34180.    
  39062.      43945.      48828.      53711.      58594.      63477.      68359.      73242.    
  39062.      43945.      48828.      53711.      58594.      63477.      68359.      73242.    
  78125.      83008.      87891.      92773.      97656.     1.02539E+05 1.07422E+05 1.12305E+05
  78125.      83008.      87891.      92773.      97656.     1.02539E+05 1.07422E+05 1.12305E+05
 1.17188E+05 1.22070E+05 1.26953E+05 1.31836E+05 1.36719E+05 1.41602E+05 1.46484E+05 1.51367E+05
 1.17188E+05 1.22070E+05 1.26953E+05 1.31836E+05 1.36719E+05 1.41602E+05 1.46484E+05 1.51367E+05
 1.56250E+05 1.61133E+05 1.66016E+05 1.70898E+05 1.75781E+05 1.80664E+05 1.85547E+05 1.90430E+05
 1.56250E+05 1.61133E+05 1.66016E+05 1.70898E+05 1.75781E+05 1.80664E+05 1.85547E+05 1.90430E+05
 1.95312E+05 2.00195E+05 2.05078E+05 2.09961E+05 2.14844E+05 2.19727E+05 2.24609E+05 2.29492E+05
 1.95312E+05 2.00195E+05 2.05078E+05 2.09961E+05 2.14844E+05 2.19727E+05 2.24609E+05 2.29492E+05
 2.34375E+05 2.39258E+05 2.44141E+05 2.49023E+05 2.53906E+05 2.58789E+05 2.63672E+05 2.68555E+05
 2.34375E+05 2.39258E+05 2.44141E+05 2.49023E+05 2.53906E+05 2.58789E+05 2.63672E+05 2.68555E+05
 2.73438E+05 2.78320E+05 2.83203E+05 2.88086E+05 2.92969E+05 2.97852E+05 3.02734E+05 3.07617E+05
 2.73438E+05 2.78320E+05 2.83203E+05 2.88086E+05 2.92969E+05 2.97852E+05 3.02734E+05 3.07617E+05
 3.12500E+05 3.17383E+05 3.22266E+05 3.27148E+05 3.32031E+05 3.36914E+05 3.41797E+05 3.46680E+05
 3.12500E+05 3.17383E+05 3.22266E+05 3.27148E+05 3.32031E+05 3.36914E+05 3.41797E+05 3.46680E+05
 3.51562E+05 3.56445E+05 3.61328E+05 3.66211E+05 3.71094E+05 3.75977E+05 3.80859E+05 3.85742E+05
 3.51562E+05 3.56445E+05 3.61328E+05 3.66211E+05 3.71094E+05 3.75977E+05 3.80859E+05 3.85742E+05
 3.90625E+05 3.95508E+05 4.00391E+05 4.05273E+05 4.10156E+05 4.15039E+05 4.19922E+05 4.24805E+05
 3.90625E+05 3.95508E+05 4.00391E+05 4.05273E+05 4.10156E+05 4.15039E+05 4.19922E+05 4.24805E+05
 4.29688E+05 4.34570E+05 4.39453E+05 4.44336E+05 4.49219E+05 4.54102E+05 4.58984E+05 4.63867E+05
 4.29688E+05 4.34570E+05 4.39453E+05 4.44336E+05 4.49219E+05 4.54102E+05 4.58984E+05 4.63867E+05
 4.68750E+05 4.73633E+05 4.78516E+05 4.83398E+05 4.88281E+05 4.93164E+05 4.98047E+05 5.02930E+05
 4.68750E+05 4.73633E+05 4.78516E+05 4.83398E+05 4.88281E+05 4.93164E+05 4.98047E+05 5.02930E+05
 5.07812E+05 5.12695E+05 5.17578E+05 5.22461E+05 5.27344E+05 5.32227E+05 5.37109E+05 5.41992E+05
 5.07812E+05 5.12695E+05 5.17578E+05 5.22461E+05 5.27344E+05 5.32227E+05 5.37109E+05 5.41992E+05
 5.46875E+05 5.51758E+05 5.56641E+05 5.61523E+05 5.66406E+05 5.71289E+05 5.76172E+05 5.81055E+05
 5.46875E+05 5.51758E+05 5.56641E+05 5.61523E+05 5.66406E+05 5.71289E+05 5.76172E+05 5.81055E+05
 5.85938E+05 5.90820E+05 5.95703E+05 6.00586E+05 6.05469E+05 6.10352E+05 6.15234E+05 6.20117E+05
 5.85938E+05 5.90820E+05 5.95703E+05 6.00586E+05 6.05469E+05 6.10352E+05 6.15234E+05 6.20117E+05
 6.25000E+05 6.29883E+05 6.34766E+05 6.39648E+05 6.44531E+05 6.49414E+05 6.54297E+05 6.59180E+05
 6.25000E+05 6.29883E+05 6.34766E+05 6.39648E+05 6.44531E+05 6.49414E+05 6.54297E+05 6.59180E+05
 6.64062E+05 6.68945E+05 6.73828E+05 6.78711E+05 6.83594E+05 6.88477E+05 6.93359E+05 6.98242E+05
 6.64062E+05 6.68945E+05 6.73828E+05 6.78711E+05 6.83594E+05 6.88477E+05 6.93359E+05 6.98242E+05
 7.03125E+05 7.08008E+05 7.12891E+05 7.17773E+05 7.22656E+05 7.27539E+05 7.32422E+05 7.37305E+05
 7.03125E+05 7.08008E+05 7.12891E+05 7.17773E+05 7.22656E+05 7.27539E+05 7.32422E+05 7.37305E+05
 7.42188E+05 7.47070E+05 7.51953E+05 7.56836E+05 7.61719E+05 7.66602E+05 7.71484E+05 7.76367E+05
 7.42188E+05 7.47070E+05 7.51953E+05 7.56836E+05 7.61719E+05 7.66602E+05 7.71484E+05 7.76367E+05
 7.81250E+05 7.86133E+05 7.91016E+05 7.95898E+05 8.00781E+05 8.05664E+05 8.10547E+05 8.15430E+05
 7.81250E+05 7.86133E+05 7.91016E+05 7.95898E+05 8.00781E+05 8.05664E+05 8.10547E+05 8.15430E+05
 8.20312E+05 8.25195E+05 8.30078E+05 8.34961E+05 8.39844E+05 8.44727E+05 8.49609E+05 8.54492E+05
 8.20312E+05 8.25195E+05 8.30078E+05 8.34961E+05 8.39844E+05 8.44727E+05 8.49609E+05 8.54492E+05
 8.59375E+05 8.64258E+05 8.69141E+05 8.74023E+05 8.78906E+05 8.83789E+05 8.88672E+05 8.93555E+05
 8.59375E+05 8.64258E+05 8.69141E+05 8.74023E+05 8.78906E+05 8.83789E+05 8.88672E+05 8.93555E+05
 8.98438E+05 9.03320E+05 9.08203E+05 9.13086E+05 9.17969E+05 9.22852E+05 9.27734E+05 9.32617E+05
 8.98438E+05 9.03320E+05 9.08203E+05 9.13086E+05 9.17969E+05 9.22852E+05 9.27734E+05 9.32617E+05
 9.37500E+05 9.42383E+05 9.47266E+05 9.52148E+05 9.57031E+05 9.61914E+05 9.66797E+05 9.71680E+05
 9.37500E+05 9.42383E+05 9.47266E+05 9.52148E+05 9.57031E+05 9.61914E+05 9.66797E+05 9.71680E+05
 9.76562E+05 9.81445E+05 9.86328E+05 9.91211E+05 9.96094E+05 1.00098E+06 1.00586E+06 1.01074E+06
 9.76562E+05 9.81445E+05 9.86328E+05 9.91211E+05 9.96094E+05 1.00098E+06 1.00586E+06 1.01074E+06
 1.01562E+06 1.02051E+06 1.02539E+06 1.03027E+06 1.03516E+06 1.04004E+06 1.04492E+06 1.04980E+06
 1.01562E+06 1.02051E+06 1.02539E+06 1.03027E+06 1.03516E+06 1.04004E+06 1.04492E+06 1.04980E+06
 1.05469E+06 1.05957E+06 1.06445E+06 1.06934E+06 1.07422E+06 1.07910E+06 1.08398E+06 1.08887E+06
 1.05469E+06 1.05957E+06 1.06445E+06 1.06934E+06 1.07422E+06 1.07910E+06 1.08398E+06 1.08887E+06
 1.09375E+06 1.09863E+06 1.10352E+06 1.10840E+06 1.11328E+06 1.11816E+06 1.12305E+06 1.12793E+06
 1.09375E+06 1.09863E+06 1.10352E+06 1.10840E+06 1.11328E+06 1.11816E+06 1.12305E+06 1.12793E+06
 1.13281E+06 1.13770E+06 1.14258E+06 1.14746E+06 1.15234E+06 1.15723E+06 1.16211E+06 1.16699E+06
 1.13281E+06 1.13770E+06 1.14258E+06 1.14746E+06 1.15234E+06 1.15723E+06 1.16211E+06 1.16699E+06
 1.17188E+06 1.17676E+06 1.18164E+06 1.18652E+06 1.19141E+06 1.19629E+06 1.20117E+06 1.20605E+06
 1.17188E+06 1.17676E+06 1.18164E+06 1.18652E+06 1.19141E+06 1.19629E+06 1.20117E+06 1.20605E+06
 1.21094E+06 1.21582E+06 1.22070E+06 1.22559E+06 1.23047E+06 1.23535E+06 1.24023E+06 1.24512E+06
 1.21094E+06 1.21582E+06 1.22070E+06 1.22559E+06 1.23047E+06 1.23535E+06 1.24023E+06 1.24512E+06
 1.25000E+06 1.25488E+06 1.25977E+06 1.26465E+06 1.26953E+06 1.27441E+06 1.27930E+06 1.28418E+06
 1.25000E+06 1.25488E+06 1.25977E+06 1.26465E+06 1.26953E+06 1.27441E+06 1.27930E+06 1.28418E+06
 1.28906E+06 1.29395E+06 1.29883E+06 1.30371E+06 1.30859E+06 1.31348E+06 1.31836E+06 1.32324E+06
 1.28906E+06 1.29395E+06 1.29883E+06 1.30371E+06 1.30859E+06 1.31348E+06 1.31836E+06 1.32324E+06
 1.32812E+06 1.33301E+06 1.33789E+06 1.34277E+06 1.34766E+06 1.35254E+06 1.35742E+06 1.36230E+06
 1.32812E+06 1.33301E+06 1.33789E+06 1.34277E+06 1.34766E+06 1.35254E+06 1.35742E+06 1.36230E+06
 1.36719E+06 1.37207E+06 1.37695E+06 1.38184E+06 1.38672E+06 1.39160E+06 1.39648E+06 1.40137E+06
 1.36719E+06 1.37207E+06 1.37695E+06 1.38184E+06 1.38672E+06 1.39160E+06 1.39648E+06 1.40137E+06
 1.40625E+06 1.41113E+06 1.41602E+06 1.42090E+06 1.42578E+06 1.43066E+06 1.43555E+06 1.44043E+06
 1.40625E+06 1.41113E+06 1.41602E+06 1.42090E+06 1.42578E+06 1.43066E+06 1.43555E+06 1.44043E+06
 1.44531E+06 1.45020E+06 1.45508E+06 1.45996E+06 1.46484E+06 1.46973E+06 1.47461E+06 1.47949E+06
 1.44531E+06 1.45020E+06 1.45508E+06 1.45996E+06 1.46484E+06 1.46973E+06 1.47461E+06 1.47949E+06
 1.48438E+06 1.48926E+06 1.49414E+06 1.49902E+06 1.50391E+06 1.50879E+06 1.51367E+06 1.51855E+06
 1.48438E+06 1.48926E+06 1.49414E+06 1.49902E+06 1.50391E+06 1.50879E+06 1.51367E+06 1.51855E+06
 1.52344E+06 1.52832E+06 1.53320E+06 1.53809E+06 1.54297E+06 1.54785E+06 1.55273E+06 1.55762E+06
 1.52344E+06 1.52832E+06 1.53320E+06 1.53809E+06 1.54297E+06 1.54785E+06 1.55273E+06 1.55762E+06
 1.56250E+06 1.56738E+06 1.57227E+06 1.57715E+06 1.58203E+06 1.58691E+06 1.59180E+06 1.59668E+06
 1.56250E+06 1.56738E+06 1.57227E+06 1.57715E+06 1.58203E+06 1.58691E+06 1.59180E+06 1.59668E+06
 1.60156E+06 1.60645E+06 1.61133E+06 1.61621E+06 1.62109E+06 1.62598E+06 1.63086E+06 1.63574E+06
 1.60156E+06 1.60645E+06 1.61133E+06 1.61621E+06 1.62109E+06 1.62598E+06 1.63086E+06 1.63574E+06
 1.64062E+06 1.64551E+06 1.65039E+06 1.65527E+06 1.66016E+06 1.66504E+06 1.66992E+06 1.67480E+06
 1.64062E+06 1.64551E+06 1.65039E+06 1.65527E+06 1.66016E+06 1.66504E+06 1.66992E+06 1.67480E+06
 1.67969E+06 1.68457E+06 1.68945E+06 1.69434E+06 1.69922E+06 1.70410E+06 1.70898E+06 1.71387E+06
 1.67969E+06 1.68457E+06 1.68945E+06 1.69434E+06 1.69922E+06 1.70410E+06 1.70898E+06 1.71387E+06
 1.71875E+06 1.72363E+06 1.72852E+06 1.73340E+06 1.73828E+06 1.74316E+06 1.74805E+06 1.75293E+06
 1.71875E+06 1.72363E+06 1.72852E+06 1.73340E+06 1.73828E+06 1.74316E+06 1.74805E+06 1.75293E+06
 1.75781E+06 1.76270E+06 1.76758E+06 1.77246E+06 1.77734E+06 1.78223E+06 1.78711E+06 1.79199E+06
 1.75781E+06 1.76270E+06 1.76758E+06 1.77246E+06 1.77734E+06 1.78223E+06 1.78711E+06 1.79199E+06
 1.79688E+06 1.80176E+06 1.80664E+06 1.81152E+06 1.81641E+06 1.82129E+06 1.82617E+06 1.83105E+06
 1.79688E+06 1.80176E+06 1.80664E+06 1.81152E+06 1.81641E+06 1.82129E+06 1.82617E+06 1.83105E+06
 1.83594E+06 1.84082E+06 1.84570E+06 1.85059E+06 1.85547E+06 1.86035E+06 1.86523E+06 1.87012E+06
 1.83594E+06 1.84082E+06 1.84570E+06 1.85059E+06 1.85547E+06 1.86035E+06 1.86523E+06 1.87012E+06
 1.87500E+06 1.87988E+06 1.88477E+06 1.88965E+06 1.89453E+06 1.89941E+06 1.90430E+06 1.90918E+06
 1.87500E+06 1.87988E+06 1.88477E+06 1.88965E+06 1.89453E+06 1.89941E+06 1.90430E+06 1.90918E+06
 1.91406E+06 1.91895E+06 1.92383E+06 1.92871E+06 1.93359E+06 1.93848E+06 1.94336E+06 1.94824E+06
 1.91406E+06 1.91895E+06 1.92383E+06 1.92871E+06 1.93359E+06 1.93848E+06 1.94336E+06 1.94824E+06
 1.95312E+06 1.95801E+06 1.96289E+06 1.96777E+06 1.97266E+06 1.97754E+06 1.98242E+06 1.98730E+06
 1.95312E+06 1.95801E+06 1.96289E+06 1.96777E+06 1.97266E+06 1.97754E+06 1.98242E+06 1.98730E+06
 1.99219E+06 1.99707E+06 2.00195E+06 2.00684E+06 2.01172E+06 2.01660E+06 2.02148E+06 2.02637E+06
 1.99219E+06 1.99707E+06 2.00195E+06 2.00684E+06 2.01172E+06 2.01660E+06 2.02148E+06 2.02637E+06
 2.03125E+06 2.03613E+06 2.04102E+06 2.04590E+06 2.05078E+06 2.05566E+06 2.06055E+06 2.06543E+06
 2.03125E+06 2.03613E+06 2.04102E+06 2.04590E+06 2.05078E+06 2.05566E+06 2.06055E+06 2.06543E+06
 2.07031E+06 2.07520E+06 2.08008E+06 2.08496E+06 2.08984E+06 2.09473E+06 2.09961E+06 2.10449E+06
 2.07031E+06 2.07520E+06 2.08008E+06 2.08496E+06 2.08984E+06 2.09473E+06 2.09961E+06 2.10449E+06
 2.10938E+06 2.11426E+06 2.11914E+06 2.12402E+06 2.12891E+06 2.13379E+06 2.13867E+06 2.14355E+06
 2.10938E+06 2.11426E+06 2.11914E+06 2.12402E+06 2.12891E+06 2.13379E+06 2.13867E+06 2.14355E+06
 2.14844E+06 2.15332E+06 2.15820E+06 2.16309E+06 2.16797E+06 2.17285E+06 2.17773E+06 2.18262E+06
 2.14844E+06 2.15332E+06 2.15820E+06 2.16309E+06 2.16797E+06 2.17285E+06 2.17773E+06 2.18262E+06
 2.18750E+06 2.19238E+06 2.19727E+06 2.20215E+06 2.20703E+06 2.21191E+06 2.21680E+06 2.22168E+06
 2.18750E+06 2.19238E+06 2.19727E+06 2.20215E+06 2.20703E+06 2.21191E+06 2.21680E+06 2.22168E+06
 2.22656E+06 2.23145E+06 2.23633E+06 2.24121E+06 2.24609E+06 2.25098E+06 2.25586E+06 2.26074E+06
 2.22656E+06 2.23145E+06 2.23633E+06 2.24121E+06 2.24609E+06 2.25098E+06 2.25586E+06 2.26074E+06
 2.26562E+06 2.27051E+06 2.27539E+06 2.28027E+06 2.28516E+06 2.29004E+06 2.29492E+06 2.29980E+06
 2.26562E+06 2.27051E+06 2.27539E+06 2.28027E+06 2.28516E+06 2.29004E+06 2.29492E+06 2.29980E+06
 2.30469E+06 2.30957E+06 2.31445E+06 2.31934E+06 2.32422E+06 2.32910E+06 2.33398E+06 2.33887E+06
 2.30469E+06 2.30957E+06 2.31445E+06 2.31934E+06 2.32422E+06 2.32910E+06 2.33398E+06 2.33887E+06
 2.34375E+06 2.34863E+06 2.35352E+06 2.35840E+06 2.36328E+06 2.36816E+06 2.37305E+06 2.37793E+06
 2.34375E+06 2.34863E+06 2.35352E+06 2.35840E+06 2.36328E+06 2.36816E+06 2.37305E+06 2.37793E+06
 2.38281E+06 2.38770E+06 2.39258E+06 2.39746E+06 2.40234E+06 2.40723E+06 2.41211E+06 2.41699E+06
 2.38281E+06 2.38770E+06 2.39258E+06 2.39746E+06 2.40234E+06 2.40723E+06 2.41211E+06 2.41699E+06
 2.42188E+06 2.42676E+06 2.43164E+06 2.43652E+06 2.44141E+06 2.44629E+06 2.45117E+06 2.45605E+06
 2.42188E+06 2.42676E+06 2.43164E+06 2.43652E+06 2.44141E+06 2.44629E+06 2.45117E+06 2.45605E+06
 2.46094E+06 2.46582E+06 2.47070E+06 2.47559E+06 2.48047E+06 2.48535E+06 2.49023E+06 2.49512E+06
 2.46094E+06 2.46582E+06 2.47070E+06 2.47559E+06 2.48047E+06 2.48535E+06 2.49023E+06 2.49512E+06
 2.50000E+06 2.50488E+06 2.50977E+06 2.51465E+06 2.51953E+06 2.52441E+06 2.52930E+06 2.53418E+06
 2.50000E+06 2.50488E+06 2.50977E+06 2.51465E+06 2.51953E+06 2.52441E+06 2.52930E+06 2.53418E+06
 2.53906E+06 2.54395E+06 2.54883E+06 2.55371E+06 2.55859E+06 2.56348E+06 2.56836E+06 2.57324E+06
 2.53906E+06 2.54395E+06 2.54883E+06 2.55371E+06 2.55859E+06 2.56348E+06 2.56836E+06 2.57324E+06
 2.57812E+06 2.58301E+06 2.58789E+06 2.59277E+06 2.59766E+06 2.60254E+06 2.60742E+06 2.61230E+06
 2.57812E+06 2.58301E+06 2.58789E+06 2.59277E+06 2.59766E+06 2.60254E+06 2.60742E+06 2.61230E+06
 2.61719E+06 2.62207E+06 2.62695E+06 2.63184E+06 2.63672E+06 2.64160E+06 2.64648E+06 2.65137E+06
 2.61719E+06 2.62207E+06 2.62695E+06 2.63184E+06 2.63672E+06 2.64160E+06 2.64648E+06 2.65137E+06
 2.65625E+06 2.66113E+06 2.66602E+06 2.67090E+06 2.67578E+06 2.68066E+06 2.68555E+06 2.69043E+06
 2.65625E+06 2.66113E+06 2.66602E+06 2.67090E+06 2.67578E+06 2.68066E+06 2.68555E+06 2.69043E+06
 2.69531E+06 2.70020E+06 2.70508E+06 2.70996E+06 2.71484E+06 2.71973E+06 2.72461E+06 2.72949E+06
 2.69531E+06 2.70020E+06 2.70508E+06 2.70996E+06 2.71484E+06 2.71973E+06 2.72461E+06 2.72949E+06
 2.73438E+06 2.73926E+06 2.74414E+06 2.74902E+06 2.75391E+06 2.75879E+06 2.76367E+06 2.76855E+06
 2.73438E+06 2.73926E+06 2.74414E+06 2.74902E+06 2.75391E+06 2.75879E+06 2.76367E+06 2.76855E+06
 2.77344E+06 2.77832E+06 2.78320E+06 2.78809E+06 2.79297E+06 2.79785E+06 2.80273E+06 2.80762E+06
 2.77344E+06 2.77832E+06 2.78320E+06 2.78809E+06 2.79297E+06 2.79785E+06 2.80273E+06 2.80762E+06
 2.81250E+06 2.81738E+06 2.82227E+06 2.82715E+06 2.83203E+06 2.83691E+06 2.84180E+06 2.84668E+06
 2.81250E+06 2.81738E+06 2.82227E+06 2.82715E+06 2.83203E+06 2.83691E+06 2.84180E+06 2.84668E+06
 2.85156E+06 2.85645E+06 2.86133E+06 2.86621E+06 2.87109E+06 2.87598E+06 2.88086E+06 2.88574E+06
 2.85156E+06 2.85645E+06 2.86133E+06 2.86621E+06 2.87109E+06 2.87598E+06 2.88086E+06 2.88574E+06
 2.89062E+06 2.89551E+06 2.90039E+06 2.90527E+06 2.91016E+06 2.91504E+06 2.91992E+06 2.92480E+06
 2.89062E+06 2.89551E+06 2.90039E+06 2.90527E+06 2.91016E+06 2.91504E+06 2.91992E+06 2.92480E+06
 2.92969E+06 2.93457E+06 2.93945E+06 2.94434E+06 2.94922E+06 2.95410E+06 2.95898E+06 2.96387E+06
 2.92969E+06 2.93457E+06 2.93945E+06 2.94434E+06 2.94922E+06 2.95410E+06 2.95898E+06 2.96387E+06
 2.96875E+06 2.97363E+06 2.97852E+06 2.98340E+06 2.98828E+06 2.99316E+06 2.99805E+06 3.00293E+06
 2.96875E+06 2.97363E+06 2.97852E+06 2.98340E+06 2.98828E+06 2.99316E+06 2.99805E+06 3.00293E+06
 3.00781E+06 3.01270E+06 3.01758E+06 3.02246E+06 3.02734E+06 3.03223E+06 3.03711E+06 3.04199E+06
 3.00781E+06 3.01270E+06 3.01758E+06 3.02246E+06 3.02734E+06 3.03223E+06 3.03711E+06 3.04199E+06
 3.04688E+06 3.05176E+06 3.05664E+06 3.06152E+06 3.06641E+06 3.07129E+06 3.07617E+06 3.08105E+06
 3.04688E+06 3.05176E+06 3.05664E+06 3.06152E+06 3.06641E+06 3.07129E+06 3.07617E+06 3.08105E+06
 3.08594E+06 3.09082E+06 3.09570E+06 3.10059E+06 3.10547E+06 3.11035E+06 3.11523E+06 3.12012E+06
 3.08594E+06 3.09082E+06 3.09570E+06 3.10059E+06 3.10547E+06 3.11035E+06 3.11523E+06 3.12012E+06
 3.12500E+06 3.12988E+06 3.13477E+06 3.13965E+06 3.14453E+06 3.14941E+06 3.15430E+06 3.15918E+06
 3.12500E+06 3.12988E+06 3.13477E+06 3.13965E+06 3.14453E+06 3.14941E+06 3.15430E+06 3.15918E+06
 3.16406E+06 3.16895E+06 3.17383E+06 3.17871E+06 3.18359E+06 3.18848E+06 3.19336E+06 3.19824E+06
 3.16406E+06 3.16895E+06 3.17383E+06 3.17871E+06 3.18359E+06 3.18848E+06 3.19336E+06 3.19824E+06
 3.20312E+06 3.20801E+06 3.21289E+06 3.21777E+06 3.22266E+06 3.22754E+06 3.23242E+06 3.23730E+06
 3.20312E+06 3.20801E+06 3.21289E+06 3.21777E+06 3.22266E+06 3.22754E+06 3.23242E+06 3.23730E+06
 3.24219E+06 3.24707E+06 3.25195E+06 3.25684E+06 3.26172E+06 3.26660E+06 3.27148E+06 3.27637E+06
 3.24219E+06 3.24707E+06 3.25195E+06 3.25684E+06 3.26172E+06 3.26660E+06 3.27148E+06 3.27637E+06
 3.28125E+06 3.28613E+06 3.29102E+06 3.29590E+06 3.30078E+06 3.30566E+06 3.31055E+06 3.31543E+06
 3.28125E+06 3.28613E+06 3.29102E+06 3.29590E+06 3.30078E+06 3.30566E+06 3.31055E+06 3.31543E+06
 3.32031E+06 3.32520E+06 3.33008E+06 3.33496E+06 3.33984E+06 3.34473E+06 3.34961E+06 3.35449E+06
 3.32031E+06 3.32520E+06 3.33008E+06 3.33496E+06 3.33984E+06 3.34473E+06 3.34961E+06 3.35449E+06
 3.35938E+06 3.36426E+06 3.36914E+06 3.37402E+06 3.37891E+06 3.38379E+06 3.38867E+06 3.39355E+06
 3.35938E+06 3.36426E+06 3.36914E+06 3.37402E+06 3.37891E+06 3.38379E+06 3.38867E+06 3.39355E+06
 3.39844E+06 3.40332E+06 3.40820E+06 3.41309E+06 3.41797E+06 3.42285E+06 3.42773E+06 3.43262E+06
 3.39844E+06 3.40332E+06 3.40820E+06 3.41309E+06 3.41797E+06 3.42285E+06 3.42773E+06 3.43262E+06
 3.43750E+06 3.44238E+06 3.44727E+06 3.45215E+06 3.45703E+06 3.46191E+06 3.46680E+06 3.47168E+06
 3.43750E+06 3.44238E+06 3.44727E+06 3.45215E+06 3.45703E+06 3.46191E+06 3.46680E+06 3.47168E+06
 3.47656E+06 3.48145E+06 3.48633E+06 3.49121E+06 3.49609E+06 3.50098E+06 3.50586E+06 3.51074E+06
 3.47656E+06 3.48145E+06 3.48633E+06 3.49121E+06 3.49609E+06 3.50098E+06 3.50586E+06 3.51074E+06
 3.51562E+06 3.52051E+06 3.52539E+06 3.53027E+06 3.53516E+06 3.54004E+06 3.54492E+06 3.54980E+06
 3.51562E+06 3.52051E+06 3.52539E+06 3.53027E+06 3.53516E+06 3.54004E+06 3.54492E+06 3.54980E+06
 3.55469E+06 3.55957E+06 3.56445E+06 3.56934E+06 3.57422E+06 3.57910E+06 3.58398E+06 3.58887E+06
 3.55469E+06 3.55957E+06 3.56445E+06 3.56934E+06 3.57422E+06 3.57910E+06 3.58398E+06 3.58887E+06
 3.59375E+06 3.59863E+06 3.60352E+06 3.60840E+06 3.61328E+06 3.61816E+06 3.62305E+06 3.62793E+06
 3.59375E+06 3.59863E+06 3.60352E+06 3.60840E+06 3.61328E+06 3.61816E+06 3.62305E+06 3.62793E+06
 3.63281E+06 3.63770E+06 3.64258E+06 3.64746E+06 3.65234E+06 3.65723E+06 3.66211E+06 3.66699E+06
 3.63281E+06 3.63770E+06 3.64258E+06 3.64746E+06 3.65234E+06 3.65723E+06 3.66211E+06 3.66699E+06
 3.67188E+06 3.67676E+06 3.68164E+06 3.68652E+06 3.69141E+06 3.69629E+06 3.70117E+06 3.70605E+06
 3.67188E+06 3.67676E+06 3.68164E+06 3.68652E+06 3.69141E+06 3.69629E+06 3.70117E+06 3.70605E+06
 3.71094E+06 3.71582E+06 3.72070E+06 3.72559E+06 3.73047E+06 3.73535E+06 3.74023E+06 3.74512E+06
 3.71094E+06 3.71582E+06 3.72070E+06 3.72559E+06 3.73047E+06 3.73535E+06 3.74023E+06 3.74512E+06
 3.75000E+06 3.75488E+06 3.75977E+06 3.76465E+06 3.76953E+06 3.77441E+06 3.77930E+06 3.78418E+06
 3.75000E+06 3.75488E+06 3.75977E+06 3.76465E+06 3.76953E+06 3.77441E+06 3.77930E+06 3.78418E+06
 3.78906E+06 3.79395E+06 3.79883E+06 3.80371E+06 3.80859E+06 3.81348E+06 3.81836E+06 3.82324E+06
 3.78906E+06 3.79395E+06 3.79883E+06 3.80371E+06 3.80859E+06 3.81348E+06 3.81836E+06 3.82324E+06
 3.82812E+06 3.83301E+06 3.83789E+06 3.84277E+06 3.84766E+06 3.85254E+06 3.85742E+06 3.86230E+06
 3.82812E+06 3.83301E+06 3.83789E+06 3.84277E+06 3.84766E+06 3.85254E+06 3.85742E+06 3.86230E+06
 3.86719E+06 3.87207E+06 3.87695E+06 3.88184E+06 3.88672E+06 3.89160E+06 3.89648E+06 3.90137E+06
 3.86719E+06 3.87207E+06 3.87695E+06 3.88184E+06 3.88672E+06 3.89160E+06 3.89648E+06 3.90137E+06
 3.90625E+06 3.91113E+06 3.91602E+06 3.92090E+06 3.92578E+06 3.93066E+06 3.93555E+06 3.94043E+06
 3.90625E+06 3.91113E+06 3.91602E+06 3.92090E+06 3.92578E+06 3.93066E+06 3.93555E+06 3.94043E+06
 3.94531E+06 3.95020E+06 3.95508E+06 3.95996E+06 3.96484E+06 3.96973E+06 3.97461E+06 3.97949E+06
 3.94531E+06 3.95020E+06 3.95508E+06 3.95996E+06 3.96484E+06 3.96973E+06 3.97461E+06 3.97949E+06
 3.98438E+06 3.98926E+06 3.99414E+06 3.99902E+06 4.00391E+06 4.00879E+06 4.01367E+06 4.01855E+06
 3.98438E+06 3.98926E+06 3.99414E+06 3.99902E+06 4.00391E+06 4.00879E+06 4.01367E+06 4.01855E+06
 4.02344E+06 4.02832E+06 4.03320E+06 4.03809E+06 4.04297E+06 4.04785E+06 4.05273E+06 4.05762E+06
 4.02344E+06 4.02832E+06 4.03320E+06 4.03809E+06 4.04297E+06 4.04785E+06 4.05273E+06 4.05762E+06
 4.06250E+06 4.06738E+06 4.07227E+06 4.07715E+06 4.08203E+06 4.08691E+06 4.09180E+06 4.09668E+06
 4.06250E+06 4.06738E+06 4.07227E+06 4.07715E+06 4.08203E+06 4.08691E+06 4.09180E+06 4.09668E+06
 4.10156E+06 4.10645E+06 4.11133E+06 4.11621E+06 4.12109E+06 4.12598E+06 4.13086E+06 4.13574E+06
 4.10156E+06 4.10645E+06 4.11133E+06 4.11621E+06 4.12109E+06 4.12598E+06 4.13086E+06 4.13574E+06
 4.14062E+06 4.14551E+06 4.15039E+06 4.15527E+06 4.16016E+06 4.16504E+06 4.16992E+06 4.17480E+06
 4.14062E+06 4.14551E+06 4.15039E+06 4.15527E+06 4.16016E+06 4.16504E+06 4.16992E+06 4.17480E+06
 4.17969E+06 4.18457E+06 4.18945E+06 4.19434E+06 4.19922E+06 4.20410E+06 4.20898E+06 4.21387E+06
 4.17969E+06 4.18457E+06 4.18945E+06 4.19434E+06 4.19922E+06 4.20410E+06 4.20898E+06 4.21387E+06
 4.21875E+06 4.22363E+06 4.22852E+06 4.23340E+06 4.23828E+06 4.24316E+06 4.24805E+06 4.25293E+06
 4.21875E+06 4.22363E+06 4.22852E+06 4.23340E+06 4.23828E+06 4.24316E+06 4.24805E+06 4.25293E+06
 4.25781E+06 4.26270E+06 4.26758E+06 4.27246E+06 4.27734E+06 4.28223E+06 4.28711E+06 4.29199E+06
 4.25781E+06 4.26270E+06 4.26758E+06 4.27246E+06 4.27734E+06 4.28223E+06 4.28711E+06 4.29199E+06
 4.29688E+06 4.30176E+06 4.30664E+06 4.31152E+06 4.31641E+06 4.32129E+06 4.32617E+06 4.33105E+06
 4.29688E+06 4.30176E+06 4.30664E+06 4.31152E+06 4.31641E+06 4.32129E+06 4.32617E+06 4.33105E+06
 4.33594E+06 4.34082E+06 4.34570E+06 4.35059E+06 4.35547E+06 4.36035E+06 4.36523E+06 4.37012E+06
 4.33594E+06 4.34082E+06 4.34570E+06 4.35059E+06 4.35547E+06 4.36035E+06 4.36523E+06 4.37012E+06
 4.37500E+06 4.37988E+06 4.38477E+06 4.38965E+06 4.39453E+06 4.39941E+06 4.40430E+06 4.40918E+06
 4.37500E+06 4.37988E+06 4.38477E+06 4.38965E+06 4.39453E+06 4.39941E+06 4.40430E+06 4.40918E+06
 4.41406E+06 4.41895E+06 4.42383E+06 4.42871E+06 4.43359E+06 4.43848E+06 4.44336E+06 4.44824E+06
 4.41406E+06 4.41895E+06 4.42383E+06 4.42871E+06 4.43359E+06 4.43848E+06 4.44336E+06 4.44824E+06
 4.45312E+06 4.45801E+06 4.46289E+06 4.46777E+06 4.47266E+06 4.47754E+06 4.48242E+06 4.48730E+06
 4.45312E+06 4.45801E+06 4.46289E+06 4.46777E+06 4.47266E+06 4.47754E+06 4.48242E+06 4.48730E+06
 4.49219E+06 4.49707E+06 4.50195E+06 4.50684E+06 4.51172E+06 4.51660E+06 4.52148E+06 4.52637E+06
 4.49219E+06 4.49707E+06 4.50195E+06 4.50684E+06 4.51172E+06 4.51660E+06 4.52148E+06 4.52637E+06
 4.53125E+06 4.53613E+06 4.54102E+06 4.54590E+06 4.55078E+06 4.55566E+06 4.56055E+06 4.56543E+06
 4.53125E+06 4.53613E+06 4.54102E+06 4.54590E+06 4.55078E+06 4.55566E+06 4.56055E+06 4.56543E+06
 4.57031E+06 4.57520E+06 4.58008E+06 4.58496E+06 4.58984E+06 4.59473E+06 4.59961E+06 4.60449E+06
 4.57031E+06 4.57520E+06 4.58008E+06 4.58496E+06 4.58984E+06 4.59473E+06 4.59961E+06 4.60449E+06
 4.60938E+06 4.61426E+06 4.61914E+06 4.62402E+06 4.62891E+06 4.63379E+06 4.63867E+06 4.64355E+06
 4.60938E+06 4.61426E+06 4.61914E+06 4.62402E+06 4.62891E+06 4.63379E+06 4.63867E+06 4.64355E+06
 4.64844E+06 4.65332E+06 4.65820E+06 4.66309E+06 4.66797E+06 4.67285E+06 4.67773E+06 4.68262E+06
 4.64844E+06 4.65332E+06 4.65820E+06 4.66309E+06 4.66797E+06 4.67285E+06 4.67773E+06 4.68262E+06
 4.68750E+06 4.69238E+06 4.69727E+06 4.70215E+06 4.70703E+06 4.71191E+06 4.71680E+06 4.72168E+06
 4.68750E+06 4.69238E+06 4.69727E+06 4.70215E+06 4.70703E+06 4.71191E+06 4.71680E+06 4.72168E+06
 4.72656E+06 4.73145E+06 4.73633E+06 4.74121E+06 4.74609E+06 4.75098E+06 4.75586E+06 4.76074E+06
 4.72656E+06 4.73145E+06 4.73633E+06 4.74121E+06 4.74609E+06 4.75098E+06 4.75586E+06 4.76074E+06
 4.76562E+06 4.77051E+06 4.77539E+06 4.78027E+06 4.78516E+06 4.79004E+06 4.79492E+06 4.79980E+06
 4.76562E+06 4.77051E+06 4.77539E+06 4.78027E+06 4.78516E+06 4.79004E+06 4.79492E+06 4.79980E+06
 4.80469E+06 4.80957E+06 4.81445E+06 4.81934E+06 4.82422E+06 4.82910E+06 4.83398E+06 4.83887E+06
 4.80469E+06 4.80957E+06 4.81445E+06 4.81934E+06 4.82422E+06 4.82910E+06 4.83398E+06 4.83887E+06
 4.84375E+06 4.84863E+06 4.85352E+06 4.85840E+06 4.86328E+06 4.86816E+06 4.87305E+06 4.87793E+06
 4.84375E+06 4.84863E+06 4.85352E+06 4.85840E+06 4.86328E+06 4.86816E+06 4.87305E+06 4.87793E+06
 4.88281E+06 4.88770E+06 4.89258E+06 4.89746E+06 4.90234E+06 4.90723E+06 4.91211E+06 4.91699E+06
 4.88281E+06 4.88770E+06 4.89258E+06 4.89746E+06 4.90234E+06 4.90723E+06 4.91211E+06 4.91699E+06
 4.92188E+06 4.92676E+06 4.93164E+06 4.93652E+06 4.94141E+06 4.94629E+06 4.95117E+06 4.95605E+06
 4.92188E+06 4.92676E+06 4.93164E+06 4.93652E+06 4.94141E+06 4.94629E+06 4.95117E+06 4.95605E+06
 4.96094E+06 4.96582E+06 4.97070E+06 4.97559E+06 4.98047E+06 4.98535E+06 4.99023E+06 4.99512E+06
 4.96094E+06 4.96582E+06 4.97070E+06 4.97559E+06 4.98047E+06 4.98535E+06 4.99023E+06 4.99512E+06
 5.00000E+06 -1.0000     -1.0000     -1.0000     -1.0000     -1.0000     -1.0000     -1.0000    
 Transition to non-asymptotic at  -1.00000000    
 5.00000E+06 -1.0000     -1.0000     -1.0000     -1.0000     -1.0000     -1.0000     -1.0000    
 Transition to non-asymptotic at  -1.00000000    
     r(km)   t0(sec)    hs(km)    hr(km)    Tp(sec)   Tsv(sec)   Tsh(sec)
     r(km)   t0(sec)    hs(km)    hr(km)    Tp(sec)   Tsv(sec)   Tsh(sec)
  1.000E-04   0.00      1.000E-06  1.000E-06  1.613E-05  2.778E-05  2.778E-05
  1.000E-04   0.00      1.000E-06  1.000E-06  1.613E-05  2.778E-05  2.778E-05
